<?xml version="1.0" encoding="UTF-8"?>
<!-- Generated by org.testng.reporters.JUnitReportReporter -->
<testsuite hostname="DESKTOP-2N32KKH" failures="0" tests="1" name="com.inetBanking.testCases.TC_LoginPage_001" time="3.846" errors="0" timestamp="2022-12-11T17:51:03 IST" skipped="0">
  <testcase classname="com.inetBanking.testCases.TC_LoginPage_001" name="loginTest" time="3.846"/>
  <system-out/>
</testsuite> <!-- com.inetBanking.testCases.TC_LoginPage_001 -->
